This file contains any messages produced by compilers while
running configure, to aid debugging if configure makes a mistake.

It was created by configure, which was
generated by GNU Autoconf 2.69.  Invocation command line was

  $ ./configure --with-optimize

## --------- ##
## Platform. ##
## --------- ##

hostname = clover-lang.org
uname -m = x86_64
uname -r = 4.19.0-8-amd64
uname -s = Linux
uname -v = #1 SMP Debian 4.19.98-1+deb10u1 (2020-04-27)

/usr/bin/uname -p = unknown
/bin/uname -X     = unknown

/bin/arch              = unknown
/usr/bin/arch -k       = unknown
/usr/convex/getsysinfo = unknown
/usr/bin/hostinfo      = unknown
/bin/machine           = unknown
/usr/bin/oslevel       = unknown
/bin/universe          = unknown

PATH: /home/ab25cq/bin
PATH: /home/ab25cq/.gem/bin
PATH: /home/ab25cq/.rvm/bin/
PATH: /home/ab25cq/bin
PATH: /usr/local/bin
PATH: /usr/bin
PATH: /bin
PATH: /usr/local/games
PATH: /usr/games


## ----------- ##
## Core tests. ##
## ----------- ##

configure:2156: checking for gcc
configure:2172: found /usr/bin/gcc
configure:2183: result: gcc
configure:2412: checking for C compiler version
configure:2421: gcc --version >&5
gcc (Debian 8.3.0-6) 8.3.0
Copyright (C) 2018 Free Software Foundation, Inc.
This is free software; see the source for copying conditions.  There is NO
warranty; not even for MERCHANTABILITY or FITNESS FOR A PARTICULAR PURPOSE.

configure:2432: $? = 0
configure:2421: gcc -v >&5
Using built-in specs.
COLLECT_GCC=gcc
COLLECT_LTO_WRAPPER=/usr/lib/gcc/x86_64-linux-gnu/8/lto-wrapper
OFFLOAD_TARGET_NAMES=nvptx-none
OFFLOAD_TARGET_DEFAULT=1
Target: x86_64-linux-gnu
Configured with: ../src/configure -v --with-pkgversion='Debian 8.3.0-6' --with-bugurl=file:///usr/share/doc/gcc-8/README.Bugs --enable-languages=c,ada,c++,go,brig,d,fortran,objc,obj-c++ --prefix=/usr --with-gcc-major-version-only --program-suffix=-8 --program-prefix=x86_64-linux-gnu- --enable-shared --enable-linker-build-id --libexecdir=/usr/lib --without-included-gettext --enable-threads=posix --libdir=/usr/lib --enable-nls --enable-bootstrap --enable-clocale=gnu --enable-libstdcxx-debug --enable-libstdcxx-time=yes --with-default-libstdcxx-abi=new --enable-gnu-unique-object --disable-vtable-verify --enable-libmpx --enable-plugin --enable-default-pie --with-system-zlib --with-target-system-zlib --enable-objc-gc=auto --enable-multiarch --disable-werror --with-arch-32=i686 --with-abi=m64 --with-multilib-list=m32,m64,mx32 --enable-multilib --with-tune=generic --enable-offload-targets=nvptx-none --without-cuda-driver --enable-checking=release --build=x86_64-linux-gnu --host=x86_64-linux-gnu --target=x86_64-linux-gnu
Thread model: posix
gcc version 8.3.0 (Debian 8.3.0-6) 
configure:2432: $? = 0
configure:2421: gcc -V >&5
gcc: error: unrecognized command line option '-V'
gcc: fatal error: no input files
compilation terminated.
configure:2432: $? = 1
configure:2421: gcc -qversion >&5
gcc: error: unrecognized command line option '-qversion'; did you mean '--version'?
gcc: fatal error: no input files
compilation terminated.
configure:2432: $? = 1
configure:2452: checking whether the C compiler works
configure:2474: gcc    conftest.c  >&5
configure:2478: $? = 0
configure:2526: result: yes
configure:2529: checking for C compiler default output file name
configure:2531: result: a.out
configure:2537: checking for suffix of executables
configure:2544: gcc -o conftest    conftest.c  >&5
configure:2548: $? = 0
configure:2570: result: 
configure:2592: checking whether we are cross compiling
configure:2600: gcc -o conftest    conftest.c  >&5
configure:2604: $? = 0
configure:2611: ./conftest
configure:2615: $? = 0
configure:2603: result: no
configure:2608: checking for suffix of object files
configure:2630: gcc -c   conftest.c >&5
configure:2634: $? = 0
configure:2655: result: o
configure:2659: checking whether we are using the GNU C compiler
configure:2678: gcc -c   conftest.c >&5
configure:2678: $? = 0
configure:2687: result: yes
configure:2696: checking whether gcc accepts -g
configure:2716: gcc -c -g  conftest.c >&5
configure:2716: $? = 0
configure:2757: result: yes
configure:2774: checking for gcc option to accept ISO C89
configure:2837: gcc  -c -g -O2  conftest.c >&5
configure:2837: $? = 0
configure:2850: result: none needed
configure:2913: checking for a BSD-compatible install
configure:2981: result: /usr/bin/install -c
configure:2998: checking how to run the C preprocessor
configure:3029: gcc -E  conftest.c
configure:3029: $? = 0
configure:3043: gcc -E  conftest.c
conftest.c:9:10: fatal error: ac_nonexistent.h: No such file or directory
 #include <ac_nonexistent.h>
          ^~~~~~~~~~~~~~~~~~
compilation terminated.
configure:3043: $? = 1
configure: failed program was:
| /* confdefs.h */
| #define PACKAGE_NAME ""
| #define PACKAGE_TARNAME ""
| #define PACKAGE_VERSION ""
| #define PACKAGE_STRING ""
| #define PACKAGE_BUGREPORT ""
| #define PACKAGE_URL ""
| /* end confdefs.h.  */
| #include <ac_nonexistent.h>
configure:3068: result: gcc -E
configure:3088: gcc -E  conftest.c
configure:3088: $? = 0
configure:3102: gcc -E  conftest.c
conftest.c:9:10: fatal error: ac_nonexistent.h: No such file or directory
 #include <ac_nonexistent.h>
          ^~~~~~~~~~~~~~~~~~
compilation terminated.
configure:3102: $? = 1
configure: failed program was:
| /* confdefs.h */
| #define PACKAGE_NAME ""
| #define PACKAGE_TARNAME ""
| #define PACKAGE_VERSION ""
| #define PACKAGE_STRING ""
| #define PACKAGE_BUGREPORT ""
| #define PACKAGE_URL ""
| /* end confdefs.h.  */
| #include <ac_nonexistent.h>
configure:3131: checking for grep that handles long lines and -e
configure:3189: result: /bin/grep
configure:3194: checking for egrep
configure:3256: result: /bin/grep -E
configure:3261: checking for ANSI C header files
configure:3281: gcc -c -g -O2  conftest.c >&5
configure:3281: $? = 0
configure:3354: gcc -o conftest -g -O2   conftest.c  >&5
configure:3354: $? = 0
configure:3354: ./conftest
configure:3354: $? = 0
configure:3365: result: yes
configure:3378: checking for sys/types.h
configure:3378: gcc -c -g -O2  conftest.c >&5
configure:3378: $? = 0
configure:3378: result: yes
configure:3378: checking for sys/stat.h
configure:3378: gcc -c -g -O2  conftest.c >&5
configure:3378: $? = 0
configure:3378: result: yes
configure:3378: checking for stdlib.h
configure:3378: gcc -c -g -O2  conftest.c >&5
configure:3378: $? = 0
configure:3378: result: yes
configure:3378: checking for string.h
configure:3378: gcc -c -g -O2  conftest.c >&5
configure:3378: $? = 0
configure:3378: result: yes
configure:3378: checking for memory.h
configure:3378: gcc -c -g -O2  conftest.c >&5
configure:3378: $? = 0
configure:3378: result: yes
configure:3378: checking for strings.h
configure:3378: gcc -c -g -O2  conftest.c >&5
configure:3378: $? = 0
configure:3378: result: yes
configure:3378: checking for inttypes.h
configure:3378: gcc -c -g -O2  conftest.c >&5
configure:3378: $? = 0
configure:3378: result: yes
configure:3378: checking for stdint.h
configure:3378: gcc -c -g -O2  conftest.c >&5
configure:3378: $? = 0
configure:3378: result: yes
configure:3378: checking for unistd.h
configure:3378: gcc -c -g -O2  conftest.c >&5
configure:3378: $? = 0
configure:3378: result: yes
configure:3390: checking whether byte ordering is bigendian
configure:3405: gcc -c -g -O2  conftest.c >&5
conftest.c:20:9: error: unknown type name 'not'
         not a universal capable compiler
         ^~~
conftest.c:20:15: error: expected '=', ',', ';', 'asm' or '__attribute__' before 'universal'
         not a universal capable compiler
               ^~~~~~~~~
conftest.c:20:15: error: unknown type name 'universal'
configure:3405: $? = 1
configure: failed program was:
| /* confdefs.h */
| #define PACKAGE_NAME ""
| #define PACKAGE_TARNAME ""
| #define PACKAGE_VERSION ""
| #define PACKAGE_STRING ""
| #define PACKAGE_BUGREPORT ""
| #define PACKAGE_URL ""
| #define STDC_HEADERS 1
| #define HAVE_SYS_TYPES_H 1
| #define HAVE_SYS_STAT_H 1
| #define HAVE_STDLIB_H 1
| #define HAVE_STRING_H 1
| #define HAVE_MEMORY_H 1
| #define HAVE_STRINGS_H 1
| #define HAVE_INTTYPES_H 1
| #define HAVE_STDINT_H 1
| #define HAVE_UNISTD_H 1
| /* end confdefs.h.  */
| #ifndef __APPLE_CC__
| 	       not a universal capable compiler
| 	     #endif
| 	     typedef int dummy;
| 
configure:3450: gcc -c -g -O2  conftest.c >&5
configure:3450: $? = 0
configure:3468: gcc -c -g -O2  conftest.c >&5
conftest.c: In function 'main':
conftest.c:26:4: error: unknown type name 'not'; did you mean 'ino_t'?
    not big endian
    ^~~
    ino_t
conftest.c:26:12: error: expected '=', ',', ';', 'asm' or '__attribute__' before 'endian'
    not big endian
            ^~~~~~
configure:3468: $? = 1
configure: failed program was:
| /* confdefs.h */
| #define PACKAGE_NAME ""
| #define PACKAGE_TARNAME ""
| #define PACKAGE_VERSION ""
| #define PACKAGE_STRING ""
| #define PACKAGE_BUGREPORT ""
| #define PACKAGE_URL ""
| #define STDC_HEADERS 1
| #define HAVE_SYS_TYPES_H 1
| #define HAVE_SYS_STAT_H 1
| #define HAVE_STDLIB_H 1
| #define HAVE_STRING_H 1
| #define HAVE_MEMORY_H 1
| #define HAVE_STRINGS_H 1
| #define HAVE_INTTYPES_H 1
| #define HAVE_STDINT_H 1
| #define HAVE_UNISTD_H 1
| /* end confdefs.h.  */
| #include <sys/types.h>
| 		#include <sys/param.h>
| 
| int
| main ()
| {
| #if BYTE_ORDER != BIG_ENDIAN
| 		 not big endian
| 		#endif
| 
|   ;
|   return 0;
| }
configure:3596: result: no
configure:3654: checking CPU type
configure:3723: checking Operating System
configure:3780: checking for main in -lutil
configure:3799: gcc -o conftest -Isrc/ -I. -L . -fPIC -rdynamic -DPREFIX="\"${DESTDIR}/\""   conftest.c -lutil   >&5
configure:3799: $? = 0
configure:3808: result: yes
configure:3926: checking ncurses.h usability
configure:3926: gcc -c -Isrc/ -I. -L . -fPIC -rdynamic -DPREFIX="\"${DESTDIR}/\"" -I/usr/local/include -L/usr/lib -L/usr/local/lib -O2  conftest.c >&5
configure:3926: $? = 0
configure:3926: result: yes
configure:3926: checking ncurses.h presence
configure:3926: gcc -E  conftest.c
configure:3926: $? = 0
configure:3926: result: yes
configure:3926: checking for ncurses.h
configure:3926: result: yes
configure:3933: checking for main in -lncursesw
configure:3952: gcc -o conftest -Isrc/ -I. -L . -fPIC -rdynamic -DPREFIX="\"${DESTDIR}/\"" -I/usr/local/include -L/usr/lib -L/usr/local/lib -O2   conftest.c -lncursesw   -lutil >&5
configure:3952: $? = 0
configure:3961: result: yes
configure:3970: checking readline/readline.h usability
configure:3970: gcc -c -Isrc/ -I. -L . -fPIC -rdynamic -DPREFIX="\"${DESTDIR}/\"" -I/usr/local/include -L/usr/lib -L/usr/local/lib -O2  conftest.c >&5
configure:3970: $? = 0
configure:3970: result: yes
configure:3970: checking readline/readline.h presence
configure:3970: gcc -E  conftest.c
configure:3970: $? = 0
configure:3970: result: yes
configure:3970: checking for readline/readline.h
configure:3970: result: yes
configure:3977: checking for main in -lreadline
configure:3996: gcc -o conftest -Isrc/ -I. -L . -fPIC -rdynamic -DPREFIX="\"${DESTDIR}/\"" -I/usr/local/include -L/usr/lib -L/usr/local/lib -O2   conftest.c -lreadline   -lutil -lncursesw >&5
configure:3996: $? = 0
configure:4005: result: yes
configure:4013: checking bsd/stdlib.h usability
configure:4013: gcc -c -Isrc/ -I. -L . -fPIC -rdynamic -DPREFIX="\"${DESTDIR}/\"" -I/usr/local/include -L/usr/lib -L/usr/local/lib -O2  conftest.c >&5
configure:4013: $? = 0
configure:4013: result: yes
configure:4013: checking bsd/stdlib.h presence
configure:4013: gcc -E  conftest.c
configure:4013: $? = 0
configure:4013: result: yes
configure:4013: checking for bsd/stdlib.h
configure:4013: result: yes
configure:4020: checking for main in -lbsd
configure:4039: gcc -o conftest -Isrc/ -I. -L . -fPIC -rdynamic -DPREFIX="\"${DESTDIR}/\"" -I/usr/local/include -L/usr/lib -L/usr/local/lib -O2   conftest.c -lbsd   -lutil -lncursesw -lreadline >&5
configure:4039: $? = 0
configure:4048: result: yes
configure:4058: checking for main in -ldl
configure:4077: gcc -o conftest -Isrc/ -I. -L . -fPIC -rdynamic -DPREFIX="\"${DESTDIR}/\"" -I/usr/local/include -L/usr/lib -L/usr/local/lib -O2   conftest.c -ldl   -lutil -lncursesw -lreadline -lbsd >&5
configure:4077: $? = 0
configure:4086: result: yes
configure:4097: checking math.h usability
configure:4097: gcc -c -Isrc/ -I. -L . -fPIC -rdynamic -DPREFIX="\"${DESTDIR}/\"" -I/usr/local/include -L/usr/lib -L/usr/local/lib -O2  conftest.c >&5
configure:4097: $? = 0
configure:4097: result: yes
configure:4097: checking math.h presence
configure:4097: gcc -E  conftest.c
configure:4097: $? = 0
configure:4097: result: yes
configure:4097: checking for math.h
configure:4097: result: yes
configure:4104: checking for main in -lm
configure:4123: gcc -o conftest -Isrc/ -I. -L . -fPIC -rdynamic -DPREFIX="\"${DESTDIR}/\"" -I/usr/local/include -L/usr/lib -L/usr/local/lib -O2   conftest.c -lm   -lutil -lncursesw -lreadline -lbsd -ldl >&5
configure:4123: $? = 0
configure:4132: result: yes
configure:4139: checking iconv.h usability
configure:4139: gcc -c -Isrc/ -I. -L . -fPIC -rdynamic -DPREFIX="\"${DESTDIR}/\"" -I/usr/local/include -L/usr/lib -L/usr/local/lib -O2  conftest.c >&5
configure:4139: $? = 0
configure:4139: result: yes
configure:4139: checking iconv.h presence
configure:4139: gcc -E  conftest.c
configure:4139: $? = 0
configure:4139: result: yes
configure:4139: checking for iconv.h
configure:4139: result: yes
configure:4147: checking pthread.h usability
configure:4147: gcc -c -Isrc/ -I. -L . -fPIC -rdynamic -DPREFIX="\"${DESTDIR}/\"" -I/usr/local/include -L/usr/lib -L/usr/local/lib -O2  conftest.c >&5
configure:4147: $? = 0
configure:4147: result: yes
configure:4147: checking pthread.h presence
configure:4147: gcc -E  conftest.c
configure:4147: $? = 0
configure:4147: result: yes
configure:4147: checking for pthread.h
configure:4147: result: yes
configure:4156: checking for main in -lpthread
configure:4175: gcc -o conftest -Isrc/ -I. -L . -fPIC -rdynamic -DPREFIX="\"${DESTDIR}/\"" -I/usr/local/include -L/usr/lib -L/usr/local/lib -O2   conftest.c -lpthread   -lutil -lncursesw -lreadline -lbsd -ldl -lm >&5
configure:4175: $? = 0
configure:4184: result: yes
configure:4195: checking pcre.h usability
configure:4195: gcc -c -Isrc/ -I. -L . -fPIC -rdynamic -DPREFIX="\"${DESTDIR}/\"" -I/usr/local/include -L/usr/lib -L/usr/local/lib -O2  conftest.c >&5
configure:4195: $? = 0
configure:4195: result: yes
configure:4195: checking pcre.h presence
configure:4195: gcc -E  conftest.c
configure:4195: $? = 0
configure:4195: result: yes
configure:4195: checking for pcre.h
configure:4195: result: yes
configure:4202: checking for main in -lpcre
configure:4221: gcc -o conftest -Isrc/ -I. -L . -fPIC -rdynamic -DPREFIX="\"${DESTDIR}/\"" -I/usr/local/include -L/usr/lib -L/usr/local/lib -O2   conftest.c -lpcre   -lutil -lncursesw -lreadline -lbsd -ldl -lm -lpthread >&5
configure:4221: $? = 0
configure:4230: result: yes
configure:4240: checking for readline/readline.h
configure:4240: result: yes
configure:4247: checking for main in -lreadline
configure:4275: result: yes
configure:4283: checking for main in -lrt
configure:4302: gcc -o conftest -Isrc/ -I. -L . -fPIC -rdynamic -DPREFIX="\"${DESTDIR}/\"" -I/usr/local/include -L/usr/lib -L/usr/local/lib -O2   conftest.c -lrt   -lutil -lncursesw -lreadline -lbsd -ldl -lm -lpthread -lpcre -lreadline >&5
configure:4302: $? = 0
configure:4311: result: yes
configure:4340: checking for execvpe
configure:4340: neo-c -o conftest -Isrc/ -I. -L . -fPIC -rdynamic -DPREFIX="\"${DESTDIR}/\"" -I/usr/local/include -L/usr/lib -L/usr/local/lib -O2 -Qunused-arguments   conftest.c  -lutil -lncursesw -lreadline -lbsd -ldl -lm -lpthread -lpcre -lreadline -lrt >&5
invalid character (character code 59) (;)
require an expression
<command-line>: warning: missing terminating " character
<command-line>: warning: missing terminating " character
conftest.c:64: invalid character (character code 59) (;)
conftest.c:65: require an expression
Parser error number is 2. Compile error number is 0
neo-c can't compile(2) conftest.c
configure:4340: $? = 1
configure: failed program was:
| /* confdefs.h */
| #define PACKAGE_NAME ""
| #define PACKAGE_TARNAME ""
| #define PACKAGE_VERSION ""
| #define PACKAGE_STRING ""
| #define PACKAGE_BUGREPORT ""
| #define PACKAGE_URL ""
| #define STDC_HEADERS 1
| #define HAVE_SYS_TYPES_H 1
| #define HAVE_SYS_STAT_H 1
| #define HAVE_STDLIB_H 1
| #define HAVE_STRING_H 1
| #define HAVE_MEMORY_H 1
| #define HAVE_STRINGS_H 1
| #define HAVE_INTTYPES_H 1
| #define HAVE_STDINT_H 1
| #define HAVE_UNISTD_H 1
| #define __64BIT_CPU__ 1
| #define __LINUX__ 1
| #define HAVE_NCURSESW_H 1
| #define HAVE_READLINE_H 1
| #define HAVE_BSD_H 1
| #define HAVE_MATH_H 1
| #define HAVE_ICONV_H 1
| #define HAVE_PTHREAD_H 1
| #define HAVE_PCRE_H 1
| #define HAVE_READLINE_H 1
| /* end confdefs.h.  */
| /* Define execvpe to an innocuous variant, in case <limits.h> declares execvpe.
|    For example, HP-UX 11i <limits.h> declares gettimeofday.  */
| #define execvpe innocuous_execvpe
| 
| /* System header to define __stub macros and hopefully few prototypes,
|     which can conflict with char execvpe (); below.
|     Prefer <limits.h> to <assert.h> if __STDC__ is defined, since
|     <limits.h> exists even on freestanding compilers.  */
| 
| #ifdef __STDC__
| # include <limits.h>
| #else
| # include <assert.h>
| #endif
| 
| #undef execvpe
| 
| /* Override any GCC internal prototype to avoid an error.
|    Use char because int might match the return type of a GCC
|    builtin and then its argument prototype would still apply.  */
| #ifdef __cplusplus
| extern "C"
| #endif
| char execvpe ();
| /* The GNU C library defines this for functions which it implements
|     to always fail with ENOSYS.  Some functions are actually named
|     something starting with __ and the normal name is an alias.  */
| #if defined __stub_execvpe || defined __stub___execvpe
| choke me
| #endif
| 
| int
| main ()
| {
| return execvpe ();
|   ;
|   return 0;
| }
configure:4340: result: no
configure:4462: creating ./config.status

## ---------------------- ##
## Running config.status. ##
## ---------------------- ##

This file was extended by config.status, which was
generated by GNU Autoconf 2.69.  Invocation command line was

  CONFIG_FILES    = 
  CONFIG_HEADERS  = 
  CONFIG_LINKS    = 
  CONFIG_COMMANDS = 
  $ ./config.status 

on clover-lang.org

config.status:814: creating Makefile
config.status:814: creating config.h

## ---------------- ##
## Cache variables. ##
## ---------------- ##

ac_cv_c_bigendian=no
ac_cv_c_compiler_gnu=yes
ac_cv_env_CC_set=
ac_cv_env_CC_value=
ac_cv_env_CFLAGS_set=
ac_cv_env_CFLAGS_value=
ac_cv_env_CPPFLAGS_set=
ac_cv_env_CPPFLAGS_value=
ac_cv_env_CPP_set=
ac_cv_env_CPP_value=
ac_cv_env_LDFLAGS_set=
ac_cv_env_LDFLAGS_value=
ac_cv_env_LIBS_set=
ac_cv_env_LIBS_value=
ac_cv_env_build_alias_set=
ac_cv_env_build_alias_value=
ac_cv_env_host_alias_set=
ac_cv_env_host_alias_value=
ac_cv_env_target_alias_set=
ac_cv_env_target_alias_value=
ac_cv_func_execvpe=no
ac_cv_header_bsd_stdlib_h=yes
ac_cv_header_iconv_h=yes
ac_cv_header_inttypes_h=yes
ac_cv_header_math_h=yes
ac_cv_header_memory_h=yes
ac_cv_header_ncurses_h=yes
ac_cv_header_pcre_h=yes
ac_cv_header_pthread_h=yes
ac_cv_header_readline_readline_h=yes
ac_cv_header_stdc=yes
ac_cv_header_stdint_h=yes
ac_cv_header_stdlib_h=yes
ac_cv_header_string_h=yes
ac_cv_header_strings_h=yes
ac_cv_header_sys_stat_h=yes
ac_cv_header_sys_types_h=yes
ac_cv_header_unistd_h=yes
ac_cv_lib_bsd=ac_cv_lib_bsd_main
ac_cv_lib_bsd_main=yes
ac_cv_lib_dl=ac_cv_lib_dl_main
ac_cv_lib_dl_main=yes
ac_cv_lib_m=ac_cv_lib_m_main
ac_cv_lib_m_main=yes
ac_cv_lib_ncursesw=ac_cv_lib_ncursesw_main
ac_cv_lib_ncursesw_main=yes
ac_cv_lib_pcre=ac_cv_lib_pcre_main
ac_cv_lib_pcre_main=yes
ac_cv_lib_pthread=ac_cv_lib_pthread_main
ac_cv_lib_pthread_main=yes
ac_cv_lib_readline=ac_cv_lib_readline_main
ac_cv_lib_readline_main=yes
ac_cv_lib_rt=ac_cv_lib_rt_main
ac_cv_lib_rt_main=yes
ac_cv_lib_util=ac_cv_lib_util_main
ac_cv_lib_util_main=yes
ac_cv_objext=o
ac_cv_path_EGREP='/bin/grep -E'
ac_cv_path_GREP=/bin/grep
ac_cv_path_install='/usr/bin/install -c'
ac_cv_prog_CPP='gcc -E'
ac_cv_prog_ac_ct_CC=gcc
ac_cv_prog_cc_c89=
ac_cv_prog_cc_g=yes

## ----------------- ##
## Output variables. ##
## ----------------- ##

CC='neo-c'
CFLAGS='-Isrc/ -I. -L . -fPIC -rdynamic -DPREFIX="\"${DESTDIR}/\"" -I/usr/local/include -L/usr/lib -L/usr/local/lib -O2 -Qunused-arguments'
COMPILER_OBJS='src/parser.o src/node.o'
CPP='gcc -E'
CPPFLAGS=''
DEFS='-DHAVE_CONFIG_H'
DESTDIR='/usr/local'
ECHO_C=''
ECHO_N='-n'
ECHO_T=''
EGREP='/bin/grep -E'
ENABLE_THREAD=''
EXEEXT=''
GREP='/bin/grep'
INSTALL_DATA='${INSTALL} -m 644'
INSTALL_PROGRAM='${INSTALL}'
INSTALL_SCRIPT='${INSTALL}'
LDFLAGS=''
LIBOBJS=''
LIBS=' -lutil -lncursesw -lreadline -lbsd -ldl -lm -lpthread -lpcre -lreadline -lrt'
LTLIBOBJS=''
NCFLAGS=''
OBJEXT='o'
OBJS='src/vm.o'
OS='LINUX'
PACKAGE_BUGREPORT=''
PACKAGE_NAME=''
PACKAGE_STRING=''
PACKAGE_TARNAME=''
PACKAGE_URL=''
PACKAGE_VERSION=''
PATH_SEPARATOR=':'
SHELL='/bin/bash'
ac_ct_CC='gcc'
bindir='${exec_prefix}/bin'
build_alias=''
datadir='${datarootdir}'
datarootdir='${prefix}/share'
docdir='${datarootdir}/doc/${PACKAGE}'
dvidir='${docdir}'
exec_prefix='${prefix}'
host_alias=''
htmldir='${docdir}'
includedir='${prefix}/include'
infodir='${datarootdir}/info'
libdir='${exec_prefix}/lib'
libexecdir='${exec_prefix}/libexec'
localedir='${datarootdir}/locale'
localstatedir='${prefix}/var'
mandir='${datarootdir}/man'
oldincludedir='/usr/include'
pdfdir='${docdir}'
prefix='/usr/local'
program_transform_name='s,x,x,'
psdir='${docdir}'
runstatedir='${localstatedir}/run'
sbindir='${exec_prefix}/sbin'
sharedstatedir='${prefix}/com'
sysconfdir='${prefix}/etc'
target_alias=''

## ----------- ##
## confdefs.h. ##
## ----------- ##

/* confdefs.h */
#define PACKAGE_NAME ""
#define PACKAGE_TARNAME ""
#define PACKAGE_VERSION ""
#define PACKAGE_STRING ""
#define PACKAGE_BUGREPORT ""
#define PACKAGE_URL ""
#define STDC_HEADERS 1
#define HAVE_SYS_TYPES_H 1
#define HAVE_SYS_STAT_H 1
#define HAVE_STDLIB_H 1
#define HAVE_STRING_H 1
#define HAVE_MEMORY_H 1
#define HAVE_STRINGS_H 1
#define HAVE_INTTYPES_H 1
#define HAVE_STDINT_H 1
#define HAVE_UNISTD_H 1
#define __64BIT_CPU__ 1
#define __LINUX__ 1
#define HAVE_NCURSESW_H 1
#define HAVE_READLINE_H 1
#define HAVE_BSD_H 1
#define HAVE_MATH_H 1
#define HAVE_ICONV_H 1
#define HAVE_PTHREAD_H 1
#define HAVE_PCRE_H 1
#define HAVE_READLINE_H 1

configure: exit 0
