Unknown opcode 0x7f at PC=0x0000000002004000 inst=0xffffffff
priv=1 satp=0x800000000009fe44 sp=0x000000003ffbf990 ra=0x000000000001858e
a0=0x000000003ffffa88 a1=0x00000000003c3f08 a2=0x000000003ffffad8 a7=0x0000000000000000
Recent PC history:
  [-0] PC=0x0000000002004000
  [-1] PC=0x0000000002003ffe
  [-2] PC=0x0000000002003ffc
  [-3] PC=0x0000000002003ffa
  [-4] PC=0x0000000002003ff8
  [-5] PC=0x0000000002003ff6
  [-6] PC=0x0000000002003ff4
  [-7] PC=0x0000000002003ff2
  [-8] PC=0x0000000002003ff0
  [-9] PC=0x0000000002003fee
  [-10] PC=0x0000000002003fec
  [-11] PC=0x0000000002003fea
  [-12] PC=0x0000000002003fe8
  [-13] PC=0x0000000002003fe6
  [-14] PC=0x0000000002003fe4
  [-15] PC=0x0000000002003fe2
  [-16] PC=0x0000000002003fe0
  [-17] PC=0x0000000002003fde
  [-18] PC=0x0000000002003fdc
  [-19] PC=0x0000000002003fda
  [-20] PC=0x0000000002003fd8
  [-21] PC=0x0000000002003fd6
  [-22] PC=0x0000000002003fd4
  [-23] PC=0x0000000002003fd2
  [-24] PC=0x0000000002003fd0
  [-25] PC=0x0000000002003fce
  [-26] PC=0x0000000002003fcc
  [-27] PC=0x0000000002003fca
  [-28] PC=0x0000000002003fc8
  [-29] PC=0x0000000002003fc6
  [-30] PC=0x0000000002003fc4
  [-31] PC=0x0000000002003fc2
  [-32] PC=0x0000000002003fc0
  [-33] PC=0x0000000002003fbe
  [-34] PC=0x0000000002003fbc
  [-35] PC=0x0000000002003fba
  [-36] PC=0x0000000002003fb8
  [-37] PC=0x0000000002003fb6
  [-38] PC=0x0000000002003fb4
  [-39] PC=0x0000000002003fb2
  [-40] PC=0x0000000002003fb0
  [-41] PC=0x0000000002003fae
  [-42] PC=0x0000000002003fac
  [-43] PC=0x0000000002003faa
  [-44] PC=0x0000000002003fa8
  [-45] PC=0x0000000002003fa6
  [-46] PC=0x0000000002003fa4
  [-47] PC=0x0000000002003fa2
  [-48] PC=0x0000000002003fa0
  [-49] PC=0x0000000002003f9e
