src/dag.c.c:80:11: warning: duplicate 'short' declaration specifier [-Wduplicate-decl-specifier]
   80 |     short short** _nts;
      |           ^~~~~
src/dag.c.c:116:11: warning: duplicate 'short' declaration specifier [-Wduplicate-decl-specifier]
  116 |     short short inst;
      |           ^~~~~
src/dag.c.c:121:11: warning: duplicate 'short' declaration specifier [-Wduplicate-decl-specifier]
  121 |     short short argno;
      |           ^~~~~
src/dag.c.c:127:11: warning: duplicate 'short' declaration specifier [-Wduplicate-decl-specifier]
  127 |     short short set;
      |           ^~~~~
src/dag.c.c:128:11: warning: duplicate 'short' declaration specifier [-Wduplicate-decl-specifier]
  128 |     short short number;
      |           ^~~~~
src/dag.c.c:288:11: warning: duplicate 'short' declaration specifier [-Wduplicate-decl-specifier]
  288 |     short short op;
      |           ^~~~~
src/dag.c.c:289:11: warning: duplicate 'short' declaration specifier [-Wduplicate-decl-specifier]
  289 |     short short count;
      |           ^~~~~
src/dag.c.c:569:11: warning: duplicate 'short' declaration specifier [-Wduplicate-decl-specifier]
  569 |     short short bitsize;
      |           ^~~~~
src/dag.c.c:570:11: warning: duplicate 'short' declaration specifier [-Wduplicate-decl-specifier]
  570 |     short short lsb;
      |           ^~~~~
src/dag.c:63:51: error: no member named 'hlink' in 'struct dag'
   63 |     for(    p_2=buckets[i_1];    p_2;    p_2=p_2->hlink    ){
      |                                              ~~~  ^
src/dag.c:62:34: error: no member named 'node' in 'struct dag'
   62 |         if(_if_conditional3=p_2->node.op==op&&p_2->node.syms[0]==sym&&p_2->node.kids[0]==l&&p_2->node.kids[1]==r,        _if_conditional3) {
      |                             ~~~  ^
src/dag.c:62:52: error: no member named 'node' in 'struct dag'
   62 |         if(_if_conditional3=p_2->node.op==op&&p_2->node.syms[0]==sym&&p_2->node.kids[0]==l&&p_2->node.kids[1]==r,        _if_conditional3) {
      |                                               ~~~  ^
src/dag.c:62:76: error: no member named 'node' in 'struct dag'
   62 |         if(_if_conditional3=p_2->node.op==op&&p_2->node.syms[0]==sym&&p_2->node.kids[0]==l&&p_2->node.kids[1]==r,        _if_conditional3) {
      |                                                                       ~~~  ^
src/dag.c:62:98: error: no member named 'node' in 'struct dag'
   62 |         if(_if_conditional3=p_2->node.op==op&&p_2->node.syms[0]==sym&&p_2->node.kids[0]==l&&p_2->node.kids[1]==r,        _if_conditional3) {
      |                                                                                             ~~~  ^
src/dag.c:63:50: error: no member named 'node' in 'struct dag'
   63 |             __result1__ = __result_obj__ = &p_2->node;
      |                                             ~~~  ^
src/dag.c:65:10: error: no member named 'hlink' in 'struct dag'
   65 |     p_2->hlink=buckets[i_1];
      |     ~~~  ^
src/dag.c:68:42: error: no member named 'node' in 'struct dag'
   68 |     __result2__ = __result_obj__ = &p_2->node;
      |                                     ~~~  ^
src/dag.c:74:10: error: no member named 'node' in 'struct dag'
   74 |     p_3->node.op=op;
      |     ~~~  ^
src/dag.c:75:31: error: no member named 'node' in 'struct dag'
   75 |     if(_if_conditional4=(p_3->node.kids[0]=l)!=((void*)0),    _if_conditional4) {
      |                          ~~~  ^
src/dag.c:77:31: error: no member named 'node' in 'struct dag'
   77 |     if(_if_conditional5=(p_3->node.kids[1]=r)!=((void*)0),    _if_conditional5) {
      |                          ~~~  ^
src/dag.c:79:10: error: no member named 'node' in 'struct dag'
   79 |     p_3->node.syms[0]=sym;
      |     ~~~  ^
src/dag.c:83:58: error: no member named 'node' in 'struct dag'
   83 |     __result4__ = __result_obj__ = &dagnode(op,l,r,sym)->node;
      |                                     ~~~~~~~~~~~~~~~~~~~  ^
src/dag.c:93:43: error: no member named 'node' in 'struct dag'
   93 |             if(_if_conditional6=(((*q_5)->node.op)&1008)==4<<4&&(!((((*q_5)->node.kids[0]->op)&1023)==16<<4+7||(((*q_5)->node.kids[0]->op)&1023)==18<<4+7||(((*q_5)->node.kids[0]->op)&1023)==17<<4+7)||(*q_5)->node.kids[0]->syms[0]==p),            _if_conditional6) {
      |                                   ~~~~~~  ^
src/dag.c:93:78: error: no member named 'node' in 'struct dag'
   93 |             if(_if_conditional6=(((*q_5)->node.op)&1008)==4<<4&&(!((((*q_5)->node.kids[0]->op)&1023)==16<<4+7||(((*q_5)->node.kids[0]->op)&1023)==18<<4+7||(((*q_5)->node.kids[0]->op)&1023)==17<<4+7)||(*q_5)->node.kids[0]->syms[0]==p),            _if_conditional6) {
      |                                                                      ~~~~~~  ^
src/dag.c:93:108: warning: operator '<<' has lower precedence than '+'; '+' will be evaluated first [-Wshift-op-parentheses]
   93 |             if(_if_conditional6=(((*q_5)->node.op)&1008)==4<<4&&(!((((*q_5)->node.kids[0]->op)&1023)==16<<4+7||(((*q_5)->node.kids[0]->op)&1023)==18<<4+7||(((*q_5)->node.kids[0]->op)&1023)==17<<4+7)||(*q_5)->node.kids[0]->syms[0]==p),            _if_conditional6) {
      |                                                                                                         ~~~^~
src/dag.c:93:108: note: place parentheses around the '+' expression to silence this warning
   93 |             if(_if_conditional6=(((*q_5)->node.op)&1008)==4<<4&&(!((((*q_5)->node.kids[0]->op)&1023)==16<<4+7||(((*q_5)->node.kids[0]->op)&1023)==18<<4+7||(((*q_5)->node.kids[0]->op)&1023)==17<<4+7)||(*q_5)->node.kids[0]->syms[0]==p),            _if_conditional6) {
      |                                                                                                            ^ 
      |                                                                                                           (  )
src/dag.c:93:122: error: no member named 'node' in 'struct dag'
   93 |             if(_if_conditional6=(((*q_5)->node.op)&1008)==4<<4&&(!((((*q_5)->node.kids[0]->op)&1023)==16<<4+7||(((*q_5)->node.kids[0]->op)&1023)==18<<4+7||(((*q_5)->node.kids[0]->op)&1023)==17<<4+7)||(*q_5)->node.kids[0]->syms[0]==p),            _if_conditional6) {
      |                                                                                                                  ~~~~~~  ^
src/dag.c:93:152: warning: operator '<<' has lower precedence than '+'; '+' will be evaluated first [-Wshift-op-parentheses]
   93 |             if(_if_conditional6=(((*q_5)->node.op)&1008)==4<<4&&(!((((*q_5)->node.kids[0]->op)&1023)==16<<4+7||(((*q_5)->node.kids[0]->op)&1023)==18<<4+7||(((*q_5)->node.kids[0]->op)&1023)==17<<4+7)||(*q_5)->node.kids[0]->syms[0]==p),            _if_conditional6) {
      |                                                                                                                                                     ~~~^~
src/dag.c:93:152: note: place parentheses around the '+' expression to silence this warning
   93 |             if(_if_conditional6=(((*q_5)->node.op)&1008)==4<<4&&(!((((*q_5)->node.kids[0]->op)&1023)==16<<4+7||(((*q_5)->node.kids[0]->op)&1023)==18<<4+7||(((*q_5)->node.kids[0]->op)&1023)==17<<4+7)||(*q_5)->node.kids[0]->syms[0]==p),            _if_conditional6) {
      |                                                                                                                                                        ^ 
      |                                                                                                                                                       (  )
src/dag.c:93:166: error: no member named 'node' in 'struct dag'
   93 |             if(_if_conditional6=(((*q_5)->node.op)&1008)==4<<4&&(!((((*q_5)->node.kids[0]->op)&1023)==16<<4+7||(((*q_5)->node.kids[0]->op)&1023)==18<<4+7||(((*q_5)->node.kids[0]->op)&1023)==17<<4+7)||(*q_5)->node.kids[0]->syms[0]==p),            _if_conditional6) {
      |                                                                                                                                                              ~~~~~~  ^
src/dag.c:93:196: warning: operator '<<' has lower precedence than '+'; '+' will be evaluated first [-Wshift-op-parentheses]
   93 |             if(_if_conditional6=(((*q_5)->node.op)&1008)==4<<4&&(!((((*q_5)->node.kids[0]->op)&1023)==16<<4+7||(((*q_5)->node.kids[0]->op)&1023)==18<<4+7||(((*q_5)->node.kids[0]->op)&1023)==17<<4+7)||(*q_5)->node.kids[0]->syms[0]==p),            _if_conditional6) {
      |                                                                                                                                                                                                 ~~~^~
src/dag.c:93:196: note: place parentheses around the '+' expression to silence this warning
   93 |             if(_if_conditional6=(((*q_5)->node.op)&1008)==4<<4&&(!((((*q_5)->node.kids[0]->op)&1023)==16<<4+7||(((*q_5)->node.kids[0]->op)&1023)==18<<4+7||(((*q_5)->node.kids[0]->op)&1023)==17<<4+7)||(*q_5)->node.kids[0]->syms[0]==p),            _if_conditional6) {
      |                                                                                                                                                                                                    ^ 
      |                                                                                                                                                                                                   (  )
src/dag.c:93:209: error: no member named 'node' in 'struct dag'
   93 |             if(_if_conditional6=(((*q_5)->node.op)&1008)==4<<4&&(!((((*q_5)->node.kids[0]->op)&1023)==16<<4+7||(((*q_5)->node.kids[0]->op)&1023)==18<<4+7||(((*q_5)->node.kids[0]->op)&1023)==17<<4+7)||(*q_5)->node.kids[0]->syms[0]==p),            _if_conditional6) {
      |                                                                                                                                                                                                         ~~~~~~  ^
src/dag.c:94:30: error: no member named 'hlink' in 'struct dag'
   94 |                 *q_5=(*q_5)->hlink;
      |                      ~~~~~~  ^
fatal error: too many errors emitted, stopping now [-ferror-limit=]
12 warnings and 20 errors generated.
